Fri Oct 16 17:35:35 UTC 2020
Fri Oct 16 17:36:25 UTC 2020
Fri Oct 16 17:38:25 UTC 2020
Fri Oct 16 17:44:14 UTC 2020
Fri Oct 16 19:08:38 UTC 2020
Sat Oct 17 15:47:43 UTC 2020
Sun Oct 18 10:21:05 UTC 2020
Sun Oct 18 15:06:01 UTC 2020
Sun Oct 18 15:06:34 UTC 2020
Mon Oct 19 11:56:00 UTC 2020
Tue Oct 20 14:42:11 UTC 2020
Wed Oct 21 13:48:27 UTC 2020
Wed Oct 21 21:24:39 UTC 2020
Wed Oct 21 21:29:53 UTC 2020
Thu Oct 22 00:33:28 UTC 2020
Thu Oct 22 00:39:36 UTC 2020
Thu Oct 22 10:14:12 UTC 2020
Thu Oct 22 10:24:29 UTC 2020
Thu Oct 22 13:55:28 UTC 2020
Thu Oct 22 17:38:47 UTC 2020
Thu Oct 22 22:26:49 UTC 2020
Thu Oct 22 22:56:30 UTC 2020
Fri Oct 23 00:42:30 UTC 2020
Fri Oct 23 11:19:53 UTC 2020
Fri Oct 23 11:50:02 UTC 2020
Fri Oct 23 13:18:45 UTC 2020
Fri Oct 23 13:45:56 UTC 2020
Mon Oct 26 18:48:55 UTC 2020
