Fri Oct 16 17:36:23 UTC 2020
Fri Oct 16 17:37:36 UTC 2020
Fri Oct 16 17:42:30 UTC 2020
Fri Oct 16 19:06:58 UTC 2020
Sat Oct 17 16:09:24 UTC 2020
Sun Oct 18 10:19:21 UTC 2020
Sun Oct 18 15:03:59 UTC 2020
Sun Oct 18 15:04:08 UTC 2020
Sun Oct 18 15:13:57 UTC 2020
Mon Oct 19 11:54:11 UTC 2020
Tue Oct 20 14:39:29 UTC 2020
Wed Oct 21 13:46:43 UTC 2020
Wed Oct 21 21:27:44 UTC 2020
Thu Oct 22 00:31:06 UTC 2020
Thu Oct 22 00:37:35 UTC 2020
Thu Oct 22 10:11:48 UTC 2020
Thu Oct 22 10:22:31 UTC 2020
Thu Oct 22 13:53:19 UTC 2020
Thu Oct 22 17:37:21 UTC 2020
Thu Oct 22 22:24:31 UTC 2020
Thu Oct 22 22:41:12 UTC 2020
Thu Oct 22 22:54:22 UTC 2020
Fri Oct 23 00:39:57 UTC 2020
Fri Oct 23 10:37:38 UTC 2020
Fri Oct 23 11:17:11 UTC 2020
Fri Oct 23 11:47:53 UTC 2020
Fri Oct 23 13:16:41 UTC 2020
Fri Oct 23 13:43:51 UTC 2020
Mon Oct 26 18:46:35 UTC 2020
